 ------------------------------------------------------------
   Title           Frames            Mean              SD
 ------------------------------------------------------------
 Complex:
   Elec:               10      -2821.2704         58.4307
   Vdw:                10       -444.8378         11.3031
   PB:                 10      -2317.9230         42.6444
   SA:                 10         45.9417          0.7205
   Gas:                10      -3266.1082         53.8282
   Sol:                10      -2271.9813         42.6820
   Pol:                10      -5139.1933         22.0353
   Npol:               10       -398.8961         11.3803
   Total:              10      -5538.0895         16.9873
 ------------------------------------------------------------
 Receptor:
   Elec:               10      -2561.0975         55.1617
   Vdw:                10       -418.6449         10.4660
   PB:                 10      -2398.6264         43.3459
   SA:                 10         46.7564          0.7313
   Gas:                10      -2979.7424         53.6086
   Sol:                10      -2351.8700         43.2930
   Pol:                10      -4959.7238         19.5022
   Npol:               10       -371.8885         10.4023
   Total:              10      -5331.6123         16.2879
 ------------------------------------------------------------
 Ligand:
   Elec:               10        -77.5529          1.9237
   Vdw:                10         -0.7546          1.0947
   PB:                 10       -110.5977          1.0760
   SA:                 10          3.2411          0.0308
   Gas:                10        -78.3075          1.7447
   Sol:                10       -107.3567          1.0639
   Pol:                10       -188.1506          1.4657
   Npol:               10          2.4865          1.1046
   Total:              10       -185.6641          1.2205
 ------------------------------------------------------------
 Delta:
   Elec:               10       -182.6200         11.9746
   Vdw:                10        -25.4383          4.5632
   PB:                 10        191.3011          8.7708
   SA:                 10         -4.0558          0.0472
   Gas:                10       -208.0583         10.9846
   Sol:                10        187.2453          8.7741
   Pol:                10          8.6811          4.3386
   Npol:               10        -29.4941          4.5348
   Total:              10        -20.8130          3.4564
 ------------------------------------------------------------
 * All energy values are in kcal/mol
